galsworthy
galsworthy
galsworthy
galsworthy
galsworthy
galsworthy
galsworthy
galsworthy
galsworthy
galsworthy
galsworthy
galsworthy
galsworthy
galsworthy
galsworthy
galsworthy
galsworthy
galsworthy
galsworthy
galsworthy
galsworthy
galsworthy
galsworthy
thackerey
galsworthy
galsworthy
galsworthy
galsworthy
galsworthy
galsworthy_2
galsworthy
galsworthy
galsworthy
galsworthy
galsworthy
galsworthy
galsworthy
galsworthy
galsworthy
galsworthy
galsworthy
galsworthy
galsworthy
galsworthy
galsworthy
galsworthy
galsworthy
galsworthy_2
galsworthy
galsworthy
galsworthy
thackerey
galsworthy
galsworthy
galsworthy
galsworthy
galsworthy
galsworthy
galsworthy
galsworthy
galsworthy
galsworthy
galsworthy
galsworthy
galsworthy
galsworthy
galsworthy
galsworthy
galsworthy
thackerey
galsworthy
galsworthy
galsworthy
galsworthy
galsworthy
galsworthy
galsworthy
galsworthy
galsworthy
galsworthy
galsworthy
galsworthy
galsworthy
galsworthy
galsworthy
galsworthy
galsworthy
galsworthy
galsworthy
galsworthy
galsworthy_2
galsworthy_2
galsworthy_2
galsworthy_2
galsworthy_2
galsworthy_2
galsworthy_2
galsworthy_2
galsworthy_2
galsworthy_2
galsworthy_2
galsworthy_2
galsworthy_2
galsworthy_2
galsworthy_2
galsworthy_2
galsworthy_2
galsworthy_2
galsworthy_2
galsworthy_2
galsworthy_2
galsworthy_2
galsworthy_2
galsworthy_2
galsworthy_2
galsworthy_2
galsworthy_2
galsworthy_2
galsworthy_2
galsworthy_2
galsworthy_2
galsworthy_2
galsworthy_2
galsworthy_2
galsworthy_2
galsworthy_2
galsworthy_2
galsworthy_2
galsworthy_2
galsworthy_2
galsworthy_2
galsworthy_2
galsworthy_2
galsworthy_2
galsworthy_2
galsworthy_2
galsworthy_2
galsworthy_2
galsworthy_2
galsworthy_2
galsworthy_2
galsworthy_2
galsworthy_2
galsworthy_2
galsworthy_2
galsworthy_2
galsworthy_2
mill
mill
mill
mill
mill
mill
mill
mill
mill
mill
mill
mill
mill
mill
mill
mill
mill
mill
mill
mill
mill
mill
mill
mill
mill
mill
mill
mill
mill
shelley
shelley
shelley
shelley
shelley
shelley
shelley
shelley
shelley
shelley
shelley
shelley
shelley
shelley
shelley
shelley
shelley
shelley
shelley
shelley
shelley
shelley
shelley
shelley
shelley
shelley
shelley
shelley
shelley
shelley
shelley
shelley
shelley
shelley
shelley
shelley
shelley
shelley
shelley
shelley
shelley
shelley
thackerey
thackerey
thackerey
thackerey
thackerey
thackerey
thackerey
thackerey
thackerey
thackerey
thackerey
thackerey
thackerey
thackerey
thackerey
thackerey
thackerey
thackerey
thackerey
thackerey
thackerey
thackerey
thackerey
thackerey
thackerey
thackerey
thackerey
thackerey
thackerey
thackerey
thackerey
thackerey
thackerey
thackerey
thackerey
thackerey
thackerey
thackerey
thackerey
thackerey
thackerey
thackerey
thackerey
thackerey_2
thackerey_2
thackerey_2
thackerey_2
thackerey_2
thackerey_2
thackerey_2
thackerey_2
thackerey_2
thackerey
thackerey_2
thackerey_2
thackerey_2
thackerey_2
thackerey_2
thackerey_2
thackerey_2
thackerey_2
thackerey_2
thackerey_2
thackerey_2
thackerey_2
thackerey_2
wordsmith_prose
wordsmith_prose
wordsmith_prose
wordsmith_prose
wordsmith_prose
wordsmith_prose
wordsmith_prose
wordsmith_prose
wordsmith_prose
wordsmith_prose
wordsmith_prose
wordsmith_prose
wordsmith_prose
shelley
wordsmith_prose
wordsmith_prose
wordsmith_prose
wordsmith_prose
wordsmith_prose
wordsmith_prose
wordsmith_prose
wordsmith_prose
wordsmith_prose
wordsmith_prose
wordsmith_prose
wordsmith_prose
wordsmith_prose
wordsmith_prose
wordsmith_prose
wordsmith_prose
wordsmith_prose
wordsmith_prose
wordsmith_prose
wordsmith_prose
diplomaticcorr
thackerey
wordsmith_prose
wordsmith_prose
wordsmith_prose
wordsmith_prose
wordsmith_prose
wordsmith_prose
wordsmith_prose
wordsmith_prose
wordsmith_prose
wordsmith_prose
wordsmith_prose
johnfranklinjameson
cia
cia
cia
cia
cia
cia
cia
cia
cia
cia
cia
cia
cia
cia
cia
cia
cia
cia
cia
cia
cia
cia
cia
cia
cia
cia
cia
cia
cia
cia
cia
cia
cia
cia
cia
cia
cia
cia
cia
cia
cia
cia
cia
cia
cia
cia
cia
cia
cia
cia
cia
cia
cia
cia
cia
cia
cia
cia
cia
cia
cia
cia
cia
cia
cia
cia
cia
cia
cia
cia
cia
cia
cia
cia
cia
cia
cia
cia
cia
cia
cia
cia
cia
cia
cia
johnfranklinjameson
johnfranklinjameson
johnfranklinjameson
johnfranklinjameson
johnfranklinjameson
johnfranklinjameson
johnfranklinjameson
johnfranklinjameson
johnfranklinjameson
shelley
johnfranklinjameson
diplomaticcorr
johnfranklinjameson
johnfranklinjameson
johnfranklinjameson
johnfranklinjameson
johnfranklinjameson
johnfranklinjameson
johnfranklinjameson
johnfranklinjameson
johnfranklinjameson
johnfranklinjameson
johnfranklinjameson
johnfranklinjameson
johnfranklinjameson
johnfranklinjameson
johnfranklinjameson
johnfranklinjameson
johnfranklinjameson
johnfranklinjameson
johnfranklinjameson
johnfranklinjameson
johnfranklinjameson
cia
johnfranklinjameson
johnfranklinjameson
johnfranklinjameson
johnfranklinjameson
johnfranklinjameson
diplomaticcorr
diplomaticcorr
diplomaticcorr
diplomaticcorr
diplomaticcorr
diplomaticcorr
diplomaticcorr
diplomaticcorr
diplomaticcorr
diplomaticcorr
diplomaticcorr
diplomaticcorr
diplomaticcorr
diplomaticcorr
diplomaticcorr
diplomaticcorr
diplomaticcorr
diplomaticcorr
diplomaticcorr
diplomaticcorr
